#
# There is insufficient memory for the Java Runtime Environment to continue.
# Native memory allocation (mmap) failed to map 320864256 bytes for committing reserved memory.
# Possible reasons:
#   The system is out of physical RAM or swap space
#   In 32 bit mode, the process size limit was hit
# Possible solutions:
#   Reduce memory load on the system
#   Increase physical memory or swap space
#   Check if swap backing store is full
#   Use 64 bit Java on a 64 bit OS
#   Decrease Java heap size (-Xmx/-Xms)
#   Decrease number of Java threads
#   Decrease Java thread stack sizes (-Xss)
#   Set larger code cache with -XX:ReservedCodeCacheSize=
# This output file may be truncated or incomplete.
#
#  Out of Memory Error (os_linux.cpp:2627), pid=23751, tid=0x00007f485acf4700
#
# JRE version: Java(TM) SE Runtime Environment (8.0_101-b13) (build 1.8.0_101-b13)
# Java VM: Java HotSpot(TM) 64-Bit Server VM (25.101-b13 mixed mode linux-amd64 compressed oops)
# Failed to write core dump. Core dumps have been disabled. To enable core dumping, try "ulimit -c unlimited" before starting Java again
#

---------------  T H R E A D  ---------------

Current thread (0x00007f4878079800):  VMThread [stack: 0x00007f485abf4000,0x00007f485acf5000] [id=23761]

Stack: [0x00007f485abf4000,0x00007f485acf5000],  sp=0x00007f485acf3220,  free space=1020k
Native frames: (J=compiled Java code, j=interpreted, Vv=VM code, C=native code)
V  [libjvm.so+0xac3f0a]  VMError::report_and_die()+0x2ba
V  [libjvm.so+0x4fbf9b]  report_vm_out_of_memory(char const*, int, unsigned long, VMErrorType, char const*)+0x8b
V  [libjvm.so+0x9222d3]  os::Linux::commit_memory_impl(char*, unsigned long, bool)+0x103
V  [libjvm.so+0x922829]  os::pd_commit_memory(char*, unsigned long, unsigned long, bool)+0x29
V  [libjvm.so+0x91cb2a]  os::commit_memory(char*, unsigned long, unsigned long, bool)+0x2a
V  [libjvm.so+0x991053]  PSVirtualSpace::expand_by(unsigned long)+0x53
V  [libjvm.so+0x981920]  PSOldGen::expand(unsigned long)+0x170
V  [libjvm.so+0x981b2b]  PSOldGen::resize(unsigned long)+0x1cb
V  [libjvm.so+0x989821]  PSParallelCompact::invoke_no_policy(bool)+0x991
V  [libjvm.so+0x98f17d]  PSScavenge::invoke()+0x1ad
V  [libjvm.so+0x945fc0]  ParallelScavengeHeap::failed_mem_allocate(unsigned long)+0x70
V  [libjvm.so+0xac5927]  VM_ParallelGCFailedAllocation::doit()+0x97
V  [libjvm.so+0xacd405]  VM_Operation::evaluate()+0x55
V  [libjvm.so+0xacb7da]  VMThread::evaluate_operation(VM_Operation*)+0xba
V  [libjvm.so+0xacbb5e]  VMThread::loop()+0x1ce
V  [libjvm.so+0xacbfd0]  VMThread::run()+0x70
V  [libjvm.so+0x924698]  java_start(Thread*)+0x108

VM_Operation (0x00007f487f4a98c0): ParallelGCFailedAllocation, mode: safepoint, requested by thread 0x00007f487800b800


---------------  P R O C E S S  ---------------

Java Threads: ( => current thread )
  0x00007f48780ca000 JavaThread "Service Thread" daemon [_thread_blocked, id=23768, stack(0x00007f485a104000,0x00007f485a205000)]
  0x00007f48780bf000 JavaThread "C1 CompilerThread2" daemon [_thread_blocked, id=23767, stack(0x00007f485a205000,0x00007f485a306000)]
  0x00007f48780bd000 JavaThread "C2 CompilerThread1" daemon [_thread_blocked, id=23766, stack(0x00007f485a306000,0x00007f485a407000)]
  0x00007f48780ba000 JavaThread "C2 CompilerThread0" daemon [_thread_blocked, id=23765, stack(0x00007f485a407000,0x00007f485a508000)]
  0x00007f48780b8800 JavaThread "Signal Dispatcher" daemon [_thread_blocked, id=23764, stack(0x00007f485a508000,0x00007f485a609000)]
  0x00007f4878085800 JavaThread "Finalizer" daemon [_thread_blocked, id=23763, stack(0x00007f485a9f2000,0x00007f485aaf3000)]
  0x00007f4878081000 JavaThread "Reference Handler" daemon [_thread_blocked, id=23762, stack(0x00007f485aaf3000,0x00007f485abf4000)]
  0x00007f487800b800 JavaThread "main" [_thread_blocked, id=23756, stack(0x00007f487f3ad000,0x00007f487f4ae000)]

Other Threads:
=>0x00007f4878079800 VMThread [stack: 0x00007f485abf4000,0x00007f485acf5000] [id=23761]
  0x00007f48780cd000 WatcherThread [stack: 0x00007f485a003000,0x00007f485a104000] [id=23769]

VM state:at safepoint (normal execution)

VM Mutex/Monitor currently owned by a thread:  ([mutex/lock_event])
[0x00007f48780073e0] ExpandHeap_lock - owner thread: 0x00007f4878079800
[0x00007f4878007a60] Threads_lock - owner thread: 0x00007f4878079800
[0x00007f4878007f60] Heap_lock - owner thread: 0x00007f487800b800

Heap:
 PSYoungGen      total 424448K, used 37066K [0x00000000d8200000, 0x0000000100000000, 0x0000000100000000)
  eden space 218112K, 0% used [0x00000000d8200000,0x00000000d8200000,0x00000000e5700000)
  from space 206336K, 17% used [0x00000000f3680000,0x00000000f5ab28b0,0x0000000100000000)
  to   space 217600K, 0% used [0x00000000e5700000,0x00000000e5700000,0x00000000f2b80000)
 ParOldGen       total 975360K, used 975167K [0x0000000088600000, 0x00000000c3e80000, 0x00000000d8200000)
  object space 975360K, 99% used [0x0000000088600000,0x00000000c3e4fec0,0x00000000c3e80000)
 Metaspace       used 11252K, capacity 11552K, committed 11776K, reserved 1060864K
  class space    used 1173K, capacity 1268K, committed 1280K, reserved 1048576K

Card table byte_map: [0x00007f4868c42000,0x00007f4869000000] byte_map_base: 0x00007f48687ff000

Marking Bits: (ParMarkBitMap*) 0x00007f487e8ca120
 Begin Bits: [0x00007f4860430000, 0x00007f4862218000)
 End Bits:   [0x00007f4862218000, 0x00007f4864000000)

Polling page: 0x00007f487f4f6000

CodeCache: size=245760Kb used=5453Kb max_used=5453Kb free=240306Kb
 bounds [0x00007f4869000000, 0x00007f4869560000, 0x00007f4878000000]
 total_blobs=1615 nmethods=1288 adapters=241
 compilation: enabled

Compilation events (10 events):
Event: 21.831 Thread 0x00007f48780bf000 nmethod 1298 0x00007f48695501d0 code [0x00007f4869550340, 0x00007f48695505e8]
Event: 21.831 Thread 0x00007f48780bf000 1293       3       edu.stanford.nlp.ling.IndexedWord::index (8 bytes)
Event: 21.831 Thread 0x00007f48780bf000 nmethod 1293 0x00007f48695506d0 code [0x00007f4869550860, 0x00007f4869550ca8]
Event: 21.831 Thread 0x00007f48780bf000 1299       3       edu.stanford.nlp.semgraph.semgrex.NodePattern$NodeMatcher::goToNextNodeMatch (644 bytes)
Event: 21.831 Thread 0x00007f48780ba000 nmethod 1290 0x00007f4869553c90 code [0x00007f4869553e00, 0x00007f4869554058]
Event: 21.831 Thread 0x00007f48780ba000 1296       4       java.util.ArrayList::rangeCheck (22 bytes)
Event: 21.832 Thread 0x00007f48780ba000 nmethod 1296 0x00007f4869545d10 code [0x00007f4869545e60, 0x00007f4869545ed8]
Event: 21.833 Thread 0x00007f48780bd000 nmethod 1289 0x00007f4869551ad0 code [0x00007f4869551cc0, 0x00007f4869552150]
Event: 21.833 Thread 0x00007f48780bf000 nmethod 1299 0x00007f4869555e10 code [0x00007f4869556340, 0x00007f4869559b08]
Event: 21.833 Thread 0x00007f48780bf000 1302       3       edu.stanford.nlp.ling.IndexedWord::getString (9 bytes)

GC Heap History (10 events):
Event: 7.316 GC heap after
Heap after GC invocations=15 (full 3):
 PSYoungGen      total 353280K, used 112610K [0x00000000d8200000, 0x0000000100000000, 0x0000000100000000)
  eden space 240640K, 0% used [0x00000000d8200000,0x00000000d8200000,0x00000000e6d00000)
  from space 112640K, 99% used [0x00000000f4380000,0x00000000fb178a60,0x00000000fb180000)
  to   space 206336K, 0% used [0x00000000e6d00000,0x00000000e6d00000,0x00000000f3680000)
 ParOldGen       total 444416K, used 444210K [0x0000000088600000, 0x00000000a3800000, 0x00000000d8200000)
  object space 444416K, 99% used [0x0000000088600000,0x00000000a37cca10,0x00000000a3800000)
 Metaspace       used 10245K, capacity 10484K, committed 10752K, reserved 1058816K
  class space    used 1089K, capacity 1170K, committed 1280K, reserved 1048576K
}
Event: 7.316 GC heap before
{Heap before GC invocations=16 (full 4):
 PSYoungGen      total 353280K, used 112610K [0x00000000d8200000, 0x0000000100000000, 0x0000000100000000)
  eden space 240640K, 0% used [0x00000000d8200000,0x00000000d8200000,0x00000000e6d00000)
  from space 112640K, 99% used [0x00000000f4380000,0x00000000fb178a60,0x00000000fb180000)
  to   space 206336K, 0% used [0x00000000e6d00000,0x00000000e6d00000,0x00000000f3680000)
 ParOldGen       total 444416K, used 444210K [0x0000000088600000, 0x00000000a3800000, 0x00000000d8200000)
  object space 444416K, 99% used [0x0000000088600000,0x00000000a37cca10,0x00000000a3800000)
 Metaspace       used 10245K, capacity 10484K, committed 10752K, reserved 1058816K
  class space    used 1089K, capacity 1170K, committed 1280K, reserved 1048576K
Event: 7.631 GC heap after
Heap after GC invocations=16 (full 4):
 PSYoungGen      total 353280K, used 110479K [0x00000000d8200000, 0x0000000100000000, 0x0000000100000000)
  eden space 240640K, 0% used [0x00000000d8200000,0x00000000d8200000,0x00000000e6d00000)
  from space 112640K, 98% used [0x00000000f4380000,0x00000000faf63d48,0x00000000fb180000)
  to   space 206336K, 0% used [0x00000000e6d00000,0x00000000e6d00000,0x00000000f3680000)
 ParOldGen       total 689152K, used 444188K [0x0000000088600000, 0x00000000b2700000, 0x00000000d8200000)
  object space 689152K, 64% used [0x0000000088600000,0x00000000a37c71b0,0x00000000b2700000)
 Metaspace       used 10245K, capacity 10484K, committed 10752K, reserved 1058816K
  class space    used 1089K, capacity 1170K, committed 1280K, reserved 1048576K
}
Event: 7.664 GC heap before
{Heap before GC invocations=17 (full 4):
 PSYoungGen      total 353280K, used 351119K [0x00000000d8200000, 0x0000000100000000, 0x0000000100000000)
  eden space 240640K, 100% used [0x00000000d8200000,0x00000000e6d00000,0x00000000e6d00000)
  from space 112640K, 98% used [0x00000000f4380000,0x00000000faf63d48,0x00000000fb180000)
  to   space 206336K, 0% used [0x00000000e6d00000,0x00000000e6d00000,0x00000000f3680000)
 ParOldGen       total 689152K, used 444188K [0x0000000088600000, 0x00000000b2700000, 0x00000000d8200000)
  object space 689152K, 64% used [0x0000000088600000,0x00000000a37c71b0,0x00000000b2700000)
 Metaspace       used 10245K, capacity 10484K, committed 10752K, reserved 1058816K
  class space    used 1089K, capacity 1170K, committed 1280K, reserved 1048576K
Event: 9.225 GC heap after
Heap after GC invocations=17 (full 4):
 PSYoungGen      total 446976K, used 206330K [0x00000000d8200000, 0x0000000100000000, 0x0000000100000000)
  eden space 240640K, 0% used [0x00000000d8200000,0x00000000d8200000,0x00000000e6d00000)
  from space 206336K, 99% used [0x00000000e6d00000,0x00000000f367eb90,0x00000000f3680000)
  to   space 206336K, 0% used [0x00000000f3680000,0x00000000f3680000,0x0000000100000000)
 ParOldGen       total 689152K, used 593050K [0x0000000088600000, 0x00000000b2700000, 0x00000000d8200000)
  object space 689152K, 86% used [0x0000000088600000,0x00000000ac926b10,0x00000000b2700000)
 Metaspace       used 10245K, capacity 10484K, committed 10752K, reserved 1058816K
  class space    used 1089K, capacity 1170K, committed 1280K, reserved 1048576K
}
Event: 9.225 GC heap before
{Heap before GC invocations=18 (full 5):
 PSYoungGen      total 446976K, used 206330K [0x00000000d8200000, 0x0000000100000000, 0x0000000100000000)
  eden space 240640K, 0% used [0x00000000d8200000,0x00000000d8200000,0x00000000e6d00000)
  from space 206336K, 99% used [0x00000000e6d00000,0x00000000f367eb90,0x00000000f3680000)
  to   space 206336K, 0% used [0x00000000f3680000,0x00000000f3680000,0x0000000100000000)
 ParOldGen       total 689152K, used 593050K [0x0000000088600000, 0x00000000b2700000, 0x00000000d8200000)
  object space 689152K, 86% used [0x0000000088600000,0x00000000ac926b10,0x00000000b2700000)
 Metaspace       used 10245K, capacity 10484K, committed 10752K, reserved 1058816K
  class space    used 1089K, capacity 1170K, committed 1280K, reserved 1048576K
Event: 10.160 GC heap after
Heap after GC invocations=18 (full 5):
 PSYoungGen      total 446976K, used 106204K [0x00000000d8200000, 0x0000000100000000, 0x0000000100000000)
  eden space 240640K, 0% used [0x00000000d8200000,0x00000000d8200000,0x00000000e6d00000)
  from space 206336K, 51% used [0x00000000e6d00000,0x00000000ed4b70b0,0x00000000f3680000)
  to   space 206336K, 0% used [0x00000000f3680000,0x00000000f3680000,0x0000000100000000)
 ParOldGen       total 975360K, used 689014K [0x0000000088600000, 0x00000000c3e80000, 0x00000000d8200000)
  object space 975360K, 70% used [0x0000000088600000,0x00000000b26dd818,0x00000000c3e80000)
 Metaspace       used 10245K, capacity 10484K, committed 10752K, reserved 1058816K
  class space    used 1089K, capacity 1170K, committed 1280K, reserved 1048576K
}
Event: 21.833 GC heap before
{Heap before GC invocations=19 (full 5):
 PSYoungGen      total 446976K, used 346844K [0x00000000d8200000, 0x0000000100000000, 0x0000000100000000)
  eden space 240640K, 100% used [0x00000000d8200000,0x00000000e6d00000,0x00000000e6d00000)
  from space 206336K, 51% used [0x00000000e6d00000,0x00000000ed4b70b0,0x00000000f3680000)
  to   space 206336K, 0% used [0x00000000f3680000,0x00000000f3680000,0x0000000100000000)
 ParOldGen       total 975360K, used 689014K [0x0000000088600000, 0x00000000c3e80000, 0x00000000d8200000)
  object space 975360K, 70% used [0x0000000088600000,0x00000000b26dd818,0x00000000c3e80000)
 Metaspace       used 11252K, capacity 11552K, committed 11776K, reserved 1060864K
  class space    used 1173K, capacity 1268K, committed 1280K, reserved 1048576K
Event: 22.704 GC heap after
Heap after GC invocations=19 (full 5):
 PSYoungGen      total 424448K, used 206331K [0x00000000d8200000, 0x0000000100000000, 0x0000000100000000)
  eden space 218112K, 0% used [0x00000000d8200000,0x00000000d8200000,0x00000000e5700000)
  from space 206336K, 99% used [0x00000000f3680000,0x00000000ffffeda0,0x0000000100000000)
  to   space 217600K, 0% used [0x00000000e5700000,0x00000000e5700000,0x00000000f2b80000)
 ParOldGen       total 975360K, used 810311K [0x0000000088600000, 0x00000000c3e80000, 0x00000000d8200000)
  object space 975360K, 83% used [0x0000000088600000,0x00000000b9d51c50,0x00000000c3e80000)
 Metaspace       used 11252K, capacity 11552K, committed 11776K, reserved 1060864K
  class space    used 1173K, capacity 1268K, committed 1280K, reserved 1048576K
}
Event: 22.704 GC heap before
{Heap before GC invocations=20 (full 6):
 PSYoungGen      total 424448K, used 206331K [0x00000000d8200000, 0x0000000100000000, 0x0000000100000000)
  eden space 218112K, 0% used [0x00000000d8200000,0x00000000d8200000,0x00000000e5700000)
  from space 206336K, 99% used [0x00000000f3680000,0x00000000ffffeda0,0x0000000100000000)
  to   space 217600K, 0% used [0x00000000e5700000,0x00000000e5700000,0x00000000f2b80000)
 ParOldGen       total 975360K, used 810311K [0x0000000088600000, 0x00000000c3e80000, 0x00000000d8200000)
  object space 975360K, 83% used [0x0000000088600000,0x00000000b9d51c50,0x00000000c3e80000)
 Metaspace       used 11252K, capacity 11552K, committed 11776K, reserved 1060864K
  class space    used 1173K, capacity 1268K, committed 1280K, reserved 1048576K

Deoptimization events (10 events):
Event: 4.527 Thread 0x00007f487800b800 Uncommon trap: reason=unstable_if action=reinterpret pc=0x00007f48694ba3bc method=java.util.zip.InflaterInputStream.available()I @ 8
Event: 4.527 Thread 0x00007f487800b800 Uncommon trap: reason=unstable_if action=reinterpret pc=0x00007f48694c142c method=edu.stanford.nlp.parser.nndep.DependencyParser.loadModelFile(Ljava/lang/String;Z)V @ 784
Event: 21.633 Thread 0x00007f487800b800 Uncommon trap: reason=unloaded action=reinterpret pc=0x00007f48694bdc98 method=edu.stanford.nlp.parser.nndep.Classifier.preCompute(Ljava/util/Set;)V @ 206
Event: 21.633 Thread 0x00007f487800b800 Uncommon trap: reason=unstable_if action=reinterpret pc=0x00007f486936c8e0 method=java.lang.Integer.getChars(II[C)V @ 20
Event: 21.673 Thread 0x00007f487800b800 Uncommon trap: reason=unstable_if action=reinterpret pc=0x00007f4869450940 method=java.lang.String.split(Ljava/lang/String;I)[Ljava/lang/String; @ 8
Event: 21.690 Thread 0x00007f487800b800 Uncommon trap: reason=predicate action=maybe_recompile pc=0x00007f48694f5414 method=java.util.regex.Pattern$Slice.match(Ljava/util/regex/Matcher;ILjava/lang/CharSequence;)Z @ 21
Event: 21.745 Thread 0x00007f487800b800 Uncommon trap: reason=unstable_if action=reinterpret pc=0x00007f4869342930 method=java.util.ArrayList.<init>(I)V @ 5
Event: 21.816 Thread 0x00007f487800b800 Uncommon trap: reason=unstable_if action=reinterpret pc=0x00007f486931d844 method=java.util.HashMap.hash(Ljava/lang/Object;)I @ 1
Event: 21.817 Thread 0x00007f487800b800 Uncommon trap: reason=unstable_if action=reinterpret pc=0x00007f48694b06c4 method=java.lang.Integer.equals(Ljava/lang/Object;)Z @ 18
Event: 21.817 Thread 0x00007f487800b800 Uncommon trap: reason=unstable_if action=reinterpret pc=0x00007f48692b9e6c method=java.util.HashMap.hash(Ljava/lang/Object;)I @ 1

Internal exceptions (10 events):
Event: 0.469 Thread 0x00007f487800b800 Exception <a 'java/lang/NoSuchFieldError': method resolution failed> (0x00000000d8637f08) thrown at [/HUDSON3/workspace/8-2-build-linux-amd64/jdk8u101/7261/hotspot/src/share/vm/prims/methodHandles.cpp, line 1146]
Event: 0.925 Thread 0x00007f487800b800 Exception <a 'java/security/PrivilegedActionException'> (0x00000000d8562d28) thrown at [/HUDSON3/workspace/8-2-build-linux-amd64/jdk8u101/7261/hotspot/src/share/vm/prims/jvm.cpp, line 1386]
Event: 0.925 Thread 0x00007f487800b800 Exception <a 'java/security/PrivilegedActionException'> (0x00000000d8563120) thrown at [/HUDSON3/workspace/8-2-build-linux-amd64/jdk8u101/7261/hotspot/src/share/vm/prims/jvm.cpp, line 1386]
Event: 0.925 Thread 0x00007f487800b800 Exception <a 'java/security/PrivilegedActionException'> (0x00000000d8565b28) thrown at [/HUDSON3/workspace/8-2-build-linux-amd64/jdk8u101/7261/hotspot/src/share/vm/prims/jvm.cpp, line 1386]
Event: 0.925 Thread 0x00007f487800b800 Exception <a 'java/security/PrivilegedActionException'> (0x00000000d8565f20) thrown at [/HUDSON3/workspace/8-2-build-linux-amd64/jdk8u101/7261/hotspot/src/share/vm/prims/jvm.cpp, line 1386]
Event: 2.349 Thread 0x00007f487800b800 Implicit null exception at 0x00007f48692292f5 to 0x00007f4869229651
Event: 2.349 Thread 0x00007f487800b800 Implicit null exception at 0x00007f486927893f to 0x00007f4869278a4d
Event: 21.633 Thread 0x00007f487800b800 Implicit null exception at 0x00007f48694bd551 to 0x00007f48694bdc7d
Event: 21.816 Thread 0x00007f487800b800 Implicit null exception at 0x00007f486931d635 to 0x00007f486931d835
Event: 21.817 Thread 0x00007f487800b800 Implicit null exception at 0x00007f48692b9daf to 0x00007f48692b9e5d

Events (10 events):
Event: 21.822 loading class java/util/TreeMap$KeySet done
Event: 21.822 loading class java/util/TreeMap$KeyIterator
Event: 21.822 loading class java/util/TreeMap$PrivateEntryIterator
Event: 21.823 loading class java/util/TreeMap$PrivateEntryIterator done
Event: 21.823 loading class java/util/TreeMap$KeyIterator done
Event: 21.832 loading class edu/stanford/nlp/ling/AnnotationLookup
Event: 21.832 loading class edu/stanford/nlp/ling/AnnotationLookup done
Event: 21.833 loading class edu/stanford/nlp/ling/AnnotationLookup$KeyLookup
Event: 21.833 loading class edu/stanford/nlp/ling/AnnotationLookup$KeyLookup done
Event: 21.833 Executing VM operation: ParallelGCFailedAllocation


Dynamic libraries:
00400000-00401000 r-xp 00000000 08:02 2497384                            /usr/lib/jvm/java-8-oracle-1.8.0.101/jre/bin/java
00600000-00601000 rw-p 00000000 08:02 2497384                            /usr/lib/jvm/java-8-oracle-1.8.0.101/jre/bin/java
0236d000-0238e000 rw-p 00000000 00:00 0                                  [heap]
88600000-c3e80000 rw-p 00000000 00:00 0 
d7080000-d8200000 ---p 00000000 00:00 0 
d8200000-100000000 rw-p 00000000 00:00 0 
100000000-100140000 rw-p 00000000 00:00 0 
100140000-140000000 ---p 00000000 00:00 0 
7f482c000000-7f482c021000 rw-p 00000000 00:00 0 
7f482c021000-7f4830000000 ---p 00000000 00:00 0 
7f4830000000-7f4830021000 rw-p 00000000 00:00 0 
7f4830021000-7f4834000000 ---p 00000000 00:00 0 
7f4834000000-7f48343af000 rw-p 00000000 00:00 0 
7f48343af000-7f4838000000 ---p 00000000 00:00 0 
7f4838000000-7f4838372000 rw-p 00000000 00:00 0 
7f4838372000-7f483c000000 ---p 00000000 00:00 0 
7f483c000000-7f483c021000 rw-p 00000000 00:00 0 
7f483c021000-7f4840000000 ---p 00000000 00:00 0 
7f4840000000-7f48404a1000 rw-p 00000000 00:00 0 
7f48404a1000-7f4844000000 ---p 00000000 00:00 0 
7f4844000000-7f4844021000 rw-p 00000000 00:00 0 
7f4844021000-7f4848000000 ---p 00000000 00:00 0 
7f4848000000-7f4848021000 rw-p 00000000 00:00 0 
7f4848021000-7f484c000000 ---p 00000000 00:00 0 
7f484c000000-7f484c021000 rw-p 00000000 00:00 0 
7f484c021000-7f4850000000 ---p 00000000 00:00 0 
7f4850000000-7f485028e000 rw-p 00000000 00:00 0 
7f485028e000-7f4854000000 ---p 00000000 00:00 0 
7f4854000000-7f4854021000 rw-p 00000000 00:00 0 
7f4854021000-7f4858000000 ---p 00000000 00:00 0 
7f4859a82000-7f4859ac3000 rw-p 00000000 00:00 0 
7f4859ac3000-7f4859c83000 ---p 00000000 00:00 0 
7f4859c83000-7f4859e83000 rw-p 00000000 00:00 0 
7f4859e83000-7f4859e85000 r--s 0000c000 08:06 8782058                    /local/home/paramita/git/CardinalityCompletenessStatements/lib/json-20160810.jar
7f4859e85000-7f4859e8d000 r--s 0009d000 08:06 7602509                    /local/home/paramita/stanford-corenlp-full-2016-10-31/xom-1.2.10-src.jar
7f4859e8d000-7f4859e94000 r--s 00046000 08:06 7602630                    /local/home/paramita/stanford-corenlp-full-2016-10-31/xom.jar
7f4859e94000-7f4859eb5000 r--s 004d8000 08:06 7602632                    /local/home/paramita/stanford-corenlp-full-2016-10-31/stanford-corenlp-3.7.0-sources.jar
7f4859eb5000-7f4859ebb000 r--s 19d02000 08:06 7602628                    /local/home/paramita/stanford-corenlp-full-2016-10-31/stanford-corenlp-3.7.0-models.jar
7f4859ebb000-7f4859ef8000 r--s 00905000 08:06 7602573                    /local/home/paramita/stanford-corenlp-full-2016-10-31/stanford-corenlp-3.7.0-javadoc.jar
7f4859ef8000-7f4859f48000 r--s 00727000 08:06 7602565                    /local/home/paramita/stanford-corenlp-full-2016-10-31/stanford-corenlp-3.7.0.jar
7f4859f48000-7f4859f51000 r--s 00089000 08:06 7602574                    /local/home/paramita/stanford-corenlp-full-2016-10-31/protobuf.jar
7f4859f51000-7f4859f56000 r--s 0002c000 08:06 7602522                    /local/home/paramita/stanford-corenlp-full-2016-10-31/jollyday-0.4.9-sources.jar
7f4859f56000-7f4859f5b000 r--s 00030000 08:06 7602639                    /local/home/paramita/stanford-corenlp-full-2016-10-31/jollyday.jar
7f4859f5b000-7f4859f61000 r--s 000b8000 08:06 7602638                    /local/home/paramita/stanford-corenlp-full-2016-10-31/joda-time-2.9-sources.jar
7f4859f61000-7f4859f72000 r--s 00089000 08:06 7602629                    /local/home/paramita/stanford-corenlp-full-2016-10-31/joda-time.jar
7f4859f72000-7f4859f83000 r--s 0011b000 08:06 7602562                    /local/home/paramita/stanford-corenlp-full-2016-10-31/ejml-0.23-src.zip
7f4859f83000-7f4859f9c000 r--s 00135000 08:06 8788557                    /local/home/paramita/apache-jena-3.1.1/lib/xercesImpl-2.11.0.jar
7f4859f9c000-7f4859fd0000 r--s 0020e000 08:06 8788561                    /local/home/paramita/apache-jena-3.1.1/lib/jena-shaded-guava-3.1.1.jar
7f4859fd0000-7f485a003000 r--s 00287000 08:06 8788553                    /local/home/paramita/apache-jena-3.1.1/lib/jena-arq-3.1.1.jar
7f485a003000-7f485a004000 ---p 00000000 00:00 0 
7f485a004000-7f485a104000 rw-p 00000000 00:00 0 
7f485a104000-7f485a107000 ---p 00000000 00:00 0 
7f485a107000-7f485a205000 rw-p 00000000 00:00 0 
7f485a205000-7f485a208000 ---p 00000000 00:00 0 
7f485a208000-7f485a306000 rw-p 00000000 00:00 0 
7f485a306000-7f485a309000 ---p 00000000 00:00 0 
7f485a309000-7f485a407000 rw-p 00000000 00:00 0 
7f485a407000-7f485a40a000 ---p 00000000 00:00 0 
7f485a40a000-7f485a508000 rw-p 00000000 00:00 0 
7f485a508000-7f485a50b000 ---p 00000000 00:00 0 
7f485a50b000-7f485a609000 rw-p 00000000 00:00 0 
7f485a609000-7f485a9f2000 r--p 00000000 08:02 1835240                    /usr/lib/locale/locale-archive
7f485a9f2000-7f485a9f5000 ---p 00000000 00:00 0 
7f485a9f5000-7f485aaf3000 rw-p 00000000 00:00 0 
7f485aaf3000-7f485aaf6000 ---p 00000000 00:00 0 
7f485aaf6000-7f485abf4000 rw-p 00000000 00:00 0 
7f485abf4000-7f485abf5000 ---p 00000000 00:00 0 
7f485abf5000-7f485c000000 rw-p 00000000 00:00 0 
7f485c000000-7f485c02d000 rw-p 00000000 00:00 0 
7f485c02d000-7f4860000000 ---p 00000000 00:00 0 
7f4860000000-7f4860001000 r--s 00002000 08:06 7602626                    /local/home/paramita/stanford-corenlp-full-2016-10-31/slf4j-simple.jar
7f4860001000-7f4860003000 r--s 00005000 08:06 7602633                    /local/home/paramita/stanford-corenlp-full-2016-10-31/slf4j-api.jar
7f4860003000-7f4860005000 r--s 0000c000 08:06 7602572                    /local/home/paramita/stanford-corenlp-full-2016-10-31/javax.json-api-1.0-sources.jar
7f4860005000-7f4860008000 r--s 00012000 08:06 7602635                    /local/home/paramita/stanford-corenlp-full-2016-10-31/javax.json.jar
7f4860008000-7f486000d000 r--s 0002f000 08:06 7602634                    /local/home/paramita/stanford-corenlp-full-2016-10-31/ejml-0.23.jar
7f486000d000-7f4860016000 r--s 0002d000 08:06 8788558                    /local/home/paramita/apache-jena-3.1.1/lib/xml-apis-1.4.01.jar
7f4860016000-7f4860017000 r--s 00002000 08:06 8788578                    /local/home/paramita/apache-jena-3.1.1/lib/slf4j-log4j12-1.7.21.jar
7f4860017000-7f4860019000 r--s 00009000 08:06 8788555                    /local/home/paramita/apache-jena-3.1.1/lib/slf4j-api-1.7.21.jar
7f4860019000-7f4860022000 r--s 0006f000 08:06 8788579                    /local/home/paramita/apache-jena-3.1.1/lib/log4j-1.2.17.jar
7f4860022000-7f486002c000 r--s 00078000 08:06 8788576                    /local/home/paramita/apache-jena-3.1.1/lib/jena-tdb-3.1.1.jar
7f486002c000-7f4864000000 rw-p 00000000 00:00 0 
7f4864000000-7f4864021000 rw-p 00000000 00:00 0 
7f4864021000-7f4868000000 ---p 00000000 00:00 0 
7f4868000000-7f4868006000 r--s 00034000 08:06 8788575                    /local/home/paramita/apache-jena-3.1.1/lib/libthrift-0.9.3.jar
7f4868006000-7f4868008000 r--s 0001c000 08:06 8788568                    /local/home/paramita/apache-jena-3.1.1/lib/jsonld-java-0.8.3.jar
7f4868008000-7f486800a000 r--s 00020000 08:06 8788556                    /local/home/paramita/apache-jena-3.1.1/lib/jena-iri-3.1.1.jar
7f486800a000-7f4868024000 r--s 0013f000 08:06 8788554                    /local/home/paramita/apache-jena-3.1.1/lib/jena-core-3.1.1.jar
7f4868024000-7f4868028000 r--s 00037000 08:06 8788577                    /local/home/paramita/apache-jena-3.1.1/lib/jena-cmds-3.1.1.jar
7f4868028000-7f486802d000 r--s 00031000 08:06 8788560                    /local/home/paramita/apache-jena-3.1.1/lib/jena-base-3.1.1.jar
7f486802d000-7f486803e000 r--s 00115000 08:06 8788570                    /local/home/paramita/apache-jena-3.1.1/lib/jackson-databind-2.7.4.jar
7f486803e000-7f4868041000 r--s 0003b000 08:06 8788569                    /local/home/paramita/apache-jena-3.1.1/lib/jackson-core-2.7.4.jar
7f4868041000-7f4868048000 r--s 00049000 08:06 8788566                    /local/home/paramita/apache-jena-3.1.1/lib/httpcore-4.4.4.jar
7f4868048000-7f4868055000 r--s 000a7000 08:06 8788565                    /local/home/paramita/apache-jena-3.1.1/lib/httpclient-4.5.2.jar
7f4868055000-7f4868079000 r--s 001f3000 08:06 8788581                    /local/home/paramita/apache-jena-3.1.1/lib-src/jena-arq-3.1.1-sources.jar
7f4868079000-7f486812b000 rw-p 00000000 00:00 0 
7f486812b000-7f4868304000 r--s 03d29000 08:02 2111257                    /usr/lib/jvm/java-8-oracle-1.8.0.101/jre/lib/rt.jar
7f4868304000-7f48686c1000 rw-p 00000000 00:00 0 
7f48686c1000-7f48686c2000 ---p 00000000 00:00 0 
7f48686c2000-7f48687c2000 rw-p 00000000 00:00 0 
7f48687c2000-7f48687c3000 ---p 00000000 00:00 0 
7f48687c3000-7f48688c3000 rw-p 00000000 00:00 0 
7f48688c3000-7f48688c4000 ---p 00000000 00:00 0 
7f48688c4000-7f4868ba1000 rw-p 00000000 00:00 0 
7f4868ba1000-7f4868c42000 ---p 00000000 00:00 0 
7f4868c42000-7f4868e1f000 rw-p 00000000 00:00 0 
7f4868e1f000-7f4868ec0000 ---p 00000000 00:00 0 
7f4868ec0000-7f4868fff000 rw-p 00000000 00:00 0 
7f4868fff000-7f4869000000 rw-p 00000000 00:00 0 
7f4869000000-7f4869560000 rwxp 00000000 00:00 0 
7f4869560000-7f4878000000 ---p 00000000 00:00 0 
7f4878000000-7f4878b69000 rw-p 00000000 00:00 0 
7f4878b69000-7f487c000000 ---p 00000000 00:00 0 
7f487c000000-7f487c007000 r--s 00064000 08:06 8788563                    /local/home/paramita/apache-jena-3.1.1/lib/commons-lang3-3.4.jar
7f487c007000-7f487c01b000 r--s 00151000 08:06 8788582                    /local/home/paramita/apache-jena-3.1.1/lib-src/jena-core-3.1.1-sources.jar
7f487c01b000-7f487c0b2000 rw-p 00000000 00:00 0 
7f487c0b2000-7f487c0b3000 ---p 00000000 00:00 0 
7f487c0b3000-7f487c1c9000 rw-p 00000000 00:00 0 
7f487c1c9000-7f487c573000 ---p 00000000 00:00 0 
7f487c573000-7f487c58d000 r-xp 00000000 08:02 2497449                    /usr/lib/jvm/java-8-oracle-1.8.0.101/jre/lib/amd64/libzip.so
7f487c58d000-7f487c78d000 ---p 0001a000 08:02 2497449                    /usr/lib/jvm/java-8-oracle-1.8.0.101/jre/lib/amd64/libzip.so
7f487c78d000-7f487c78e000 rw-p 0001a000 08:02 2497449                    /usr/lib/jvm/java-8-oracle-1.8.0.101/jre/lib/amd64/libzip.so
7f487c78e000-7f487c799000 r-xp 00000000 08:02 2110693                    /lib/x86_64-linux-gnu/libnss_files-2.19.so
7f487c799000-7f487c998000 ---p 0000b000 08:02 2110693                    /lib/x86_64-linux-gnu/libnss_files-2.19.so
7f487c998000-7f487c999000 r--p 0000a000 08:02 2110693                    /lib/x86_64-linux-gnu/libnss_files-2.19.so
7f487c999000-7f487c99a000 rw-p 0000b000 08:02 2110693                    /lib/x86_64-linux-gnu/libnss_files-2.19.so
7f487c99a000-7f487c9a4000 r-xp 00000000 08:02 2110695                    /lib/x86_64-linux-gnu/libnss_nis-2.19.so
7f487c9a4000-7f487cba3000 ---p 0000a000 08:02 2110695                    /lib/x86_64-linux-gnu/libnss_nis-2.19.so
7f487cba3000-7f487cba4000 r--p 00009000 08:02 2110695                    /lib/x86_64-linux-gnu/libnss_nis-2.19.so
7f487cba4000-7f487cba5000 rw-p 0000a000 08:02 2110695                    /lib/x86_64-linux-gnu/libnss_nis-2.19.so
7f487cba5000-7f487cbba000 r-xp 00000000 08:02 2110690                    /lib/x86_64-linux-gnu/libnsl-2.19.so
7f487cbba000-7f487cdb9000 ---p 00015000 08:02 2110690                    /lib/x86_64-linux-gnu/libnsl-2.19.so
7f487cdb9000-7f487cdba000 r--p 00014000 08:02 2110690                    /lib/x86_64-linux-gnu/libnsl-2.19.so
7f487cdba000-7f487cdbb000 rw-p 00015000 08:02 2110690                    /lib/x86_64-linux-gnu/libnsl-2.19.so
7f487cdbb000-7f487cdbd000 rw-p 00000000 00:00 0 
7f487cdbd000-7f487cdc4000 r-xp 00000000 08:02 2110691                    /lib/x86_64-linux-gnu/libnss_compat-2.19.so
7f487cdc4000-7f487cfc3000 ---p 00007000 08:02 2110691                    /lib/x86_64-linux-gnu/libnss_compat-2.19.so
7f487cfc3000-7f487cfc4000 r--p 00006000 08:02 2110691                    /lib/x86_64-linux-gnu/libnss_compat-2.19.so
7f487cfc4000-7f487cfc5000 rw-p 00007000 08:02 2110691                    /lib/x86_64-linux-gnu/libnss_compat-2.19.so
7f487cfc5000-7f487cfef000 r-xp 00000000 08:02 2497405                    /usr/lib/jvm/java-8-oracle-1.8.0.101/jre/lib/amd64/libjava.so
7f487cfef000-7f487d1ef000 ---p 0002a000 08:02 2497405                    /usr/lib/jvm/java-8-oracle-1.8.0.101/jre/lib/amd64/libjava.so
7f487d1ef000-7f487d1f1000 rw-p 0002a000 08:02 2497405                    /usr/lib/jvm/java-8-oracle-1.8.0.101/jre/lib/amd64/libjava.so
7f487d1f1000-7f487d1fe000 r-xp 00000000 08:02 2497419                    /usr/lib/jvm/java-8-oracle-1.8.0.101/jre/lib/amd64/libverify.so
7f487d1fe000-7f487d3fe000 ---p 0000d000 08:02 2497419                    /usr/lib/jvm/java-8-oracle-1.8.0.101/jre/lib/amd64/libverify.so
7f487d3fe000-7f487d400000 rw-p 0000d000 08:02 2497419                    /usr/lib/jvm/java-8-oracle-1.8.0.101/jre/lib/amd64/libverify.so
7f487d400000-7f487d407000 r-xp 00000000 08:02 2110699                    /lib/x86_64-linux-gnu/librt-2.19.so
7f487d407000-7f487d606000 ---p 00007000 08:02 2110699                    /lib/x86_64-linux-gnu/librt-2.19.so
7f487d606000-7f487d607000 r--p 00006000 08:02 2110699                    /lib/x86_64-linux-gnu/librt-2.19.so
7f487d607000-7f487d608000 rw-p 00007000 08:02 2110699                    /lib/x86_64-linux-gnu/librt-2.19.so
7f487d608000-7f487d708000 r-xp 00000000 08:02 2110688                    /lib/x86_64-linux-gnu/libm-2.19.so
7f487d708000-7f487d907000 ---p 00100000 08:02 2110688                    /lib/x86_64-linux-gnu/libm-2.19.so
7f487d907000-7f487d908000 r--p 000ff000 08:02 2110688                    /lib/x86_64-linux-gnu/libm-2.19.so
7f487d908000-7f487d909000 rw-p 00100000 08:02 2110688                    /lib/x86_64-linux-gnu/libm-2.19.so
7f487d909000-7f487e5d4000 r-xp 00000000 08:02 2497431                    /usr/lib/jvm/java-8-oracle-1.8.0.101/jre/lib/amd64/server/libjvm.so
7f487e5d4000-7f487e7d3000 ---p 00ccb000 08:02 2497431                    /usr/lib/jvm/java-8-oracle-1.8.0.101/jre/lib/amd64/server/libjvm.so
7f487e7d3000-7f487e8ac000 rw-p 00cca000 08:02 2497431                    /usr/lib/jvm/java-8-oracle-1.8.0.101/jre/lib/amd64/server/libjvm.so
7f487e8ac000-7f487e8f7000 rw-p 00000000 00:00 0 
7f487e8f7000-7f487ea98000 r-xp 00000000 08:02 2110590                    /lib/x86_64-linux-gnu/libc-2.19.so
7f487ea98000-7f487ec98000 ---p 001a1000 08:02 2110590                    /lib/x86_64-linux-gnu/libc-2.19.so
7f487ec98000-7f487ec9c000 r--p 001a1000 08:02 2110590                    /lib/x86_64-linux-gnu/libc-2.19.so
7f487ec9c000-7f487ec9e000 rw-p 001a5000 08:02 2110590                    /lib/x86_64-linux-gnu/libc-2.19.so
7f487ec9e000-7f487eca2000 rw-p 00000000 00:00 0 
7f487eca2000-7f487eca5000 r-xp 00000000 08:02 2110593                    /lib/x86_64-linux-gnu/libdl-2.19.so
7f487eca5000-7f487eea4000 ---p 00003000 08:02 2110593                    /lib/x86_64-linux-gnu/libdl-2.19.so
7f487eea4000-7f487eea5000 r--p 00002000 08:02 2110593                    /lib/x86_64-linux-gnu/libdl-2.19.so
7f487eea5000-7f487eea6000 rw-p 00003000 08:02 2110593                    /lib/x86_64-linux-gnu/libdl-2.19.so
7f487eea6000-7f487eebb000 r-xp 00000000 08:02 2497455                    /usr/lib/jvm/java-8-oracle-1.8.0.101/jre/lib/amd64/jli/libjli.so
7f487eebb000-7f487f0bb000 ---p 00015000 08:02 2497455                    /usr/lib/jvm/java-8-oracle-1.8.0.101/jre/lib/amd64/jli/libjli.so
7f487f0bb000-7f487f0bc000 rw-p 00015000 08:02 2497455                    /usr/lib/jvm/java-8-oracle-1.8.0.101/jre/lib/amd64/jli/libjli.so
7f487f0bc000-7f487f0d4000 r-xp 00000000 08:02 2109689                    /lib/x86_64-linux-gnu/libpthread-2.19.so
7f487f0d4000-7f487f2d3000 ---p 00018000 08:02 2109689                    /lib/x86_64-linux-gnu/libpthread-2.19.so
7f487f2d3000-7f487f2d4000 r--p 00017000 08:02 2109689                    /lib/x86_64-linux-gnu/libpthread-2.19.so
7f487f2d4000-7f487f2d5000 rw-p 00018000 08:02 2109689                    /lib/x86_64-linux-gnu/libpthread-2.19.so
7f487f2d5000-7f487f2d9000 rw-p 00000000 00:00 0 
7f487f2d9000-7f487f2f9000 r-xp 00000000 08:02 2109690                    /lib/x86_64-linux-gnu/ld-2.19.so
7f487f2f9000-7f487f2fb000 r--s 00003000 08:06 8788572                    /local/home/paramita/apache-jena-3.1.1/lib/jcl-over-slf4j-1.7.21.jar
7f487f2fb000-7f487f2fe000 r--s 0000a000 08:06 8788571                    /local/home/paramita/apache-jena-3.1.1/lib/jackson-annotations-2.7.0.jar
7f487f2fe000-7f487f302000 r--s 0002f000 08:06 8788573                    /local/home/paramita/apache-jena-3.1.1/lib/commons-io-2.5.jar
7f487f302000-7f487f309000 r--s 0003f000 08:06 8788567                    /local/home/paramita/apache-jena-3.1.1/lib/commons-codec-1.10.jar
7f487f309000-7f487f3ad000 rw-p 00000000 00:00 0 
7f487f3ad000-7f487f3b0000 ---p 00000000 00:00 0 
7f487f3b0000-7f487f4b2000 rw-p 00000000 00:00 0 
7f487f4b2000-7f487f4b5000 r--s 00024000 08:06 8788574                    /local/home/paramita/apache-jena-3.1.1/lib/httpclient-cache-4.5.2.jar
7f487f4b5000-7f487f4b6000 r--s 00009000 08:06 8788562                    /local/home/paramita/apache-jena-3.1.1/lib/commons-csv-1.3.jar
7f487f4b6000-7f487f4b7000 r--s 0000c000 08:06 8788559                    /local/home/paramita/apache-jena-3.1.1/lib/commons-cli-1.3.jar
7f487f4b7000-7f487f4bc000 r--s 00023000 08:06 8788564                    /local/home/paramita/apache-jena-3.1.1/lib/collection-0.6.jar
7f487f4bc000-7f487f4c4000 r--s 00062000 08:06 8788583                    /local/home/paramita/apache-jena-3.1.1/lib-src/jena-tdb-3.1.1-sources.jar
7f487f4c4000-7f487f4c7000 r--s 00029000 08:06 8788584                    /local/home/paramita/apache-jena-3.1.1/lib-src/jena-cmds-3.1.1-sources.jar
7f487f4c7000-7f487f4ed000 rw-p 00000000 00:00 0 
7f487f4ed000-7f487f4f5000 rw-s 00000000 08:02 134096                     /tmp/hsperfdata_paramita/23751
7f487f4f5000-7f487f4f6000 rw-p 00000000 00:00 0 
7f487f4f6000-7f487f4f7000 ---p 00000000 00:00 0 
7f487f4f7000-7f487f4f9000 rw-p 00000000 00:00 0 
7f487f4f9000-7f487f4fa000 r--p 00020000 08:02 2109690                    /lib/x86_64-linux-gnu/ld-2.19.so
7f487f4fa000-7f487f4fb000 rw-p 00021000 08:02 2109690                    /lib/x86_64-linux-gnu/ld-2.19.so
7f487f4fb000-7f487f4fc000 rw-p 00000000 00:00 0 
7ffd79462000-7ffd79484000 rw-p 00000000 00:00 0                          [stack]
7ffd79545000-7ffd79547000 r--p 00000000 00:00 0                          [vvar]
7ffd79547000-7ffd79549000 r-xp 00000000 00:00 0                          [vdso]
ffffffffff600000-ffffffffff601000 r-xp 00000000 00:00 0                  [vsyscall]

VM Arguments:
jvm_args: -Dfile.encoding=UTF-8 
java_command: de.mpg.mpiinf.cardinality.autoextraction.FeatureExtractionTransformForCRF
java_class_path (initial): /local/home/paramita/git/CardinalityCompletenessStatements/bin:/local/home/paramita/apache-jena-3.1.1/lib-src/jena-arq-3.1.1-sources.jar:/local/home/paramita/apache-jena-3.1.1/lib-src/jena-cmds-3.1.1-sources.jar:/local/home/paramita/apache-jena-3.1.1/lib-src/jena-core-3.1.1-sources.jar:/local/home/paramita/apache-jena-3.1.1/lib-src/jena-tdb-3.1.1-sources.jar:/local/home/paramita/apache-jena-3.1.1/lib/collection-0.6.jar:/local/home/paramita/apache-jena-3.1.1/lib/commons-cli-1.3.jar:/local/home/paramita/apache-jena-3.1.1/lib/commons-codec-1.10.jar:/local/home/paramita/apache-jena-3.1.1/lib/commons-csv-1.3.jar:/local/home/paramita/apache-jena-3.1.1/lib/commons-io-2.5.jar:/local/home/paramita/apache-jena-3.1.1/lib/commons-lang3-3.4.jar:/local/home/paramita/apache-jena-3.1.1/lib/httpclient-4.5.2.jar:/local/home/paramita/apache-jena-3.1.1/lib/httpclient-cache-4.5.2.jar:/local/home/paramita/apache-jena-3.1.1/lib/httpcore-4.4.4.jar:/local/home/paramita/apache-jena-3.1.1/lib/jackson-annotations-2.7.0.jar:/local/home/paramita/apache-jena-3.1.1/lib/jackson-core-2.7.4.jar:/local/home/paramita/apache-jena-3.1.1/lib/jackson-databind-2.7.4.jar:/local/home/paramita/apache-jena-3.1.1/lib/jcl-over-slf4j-1.7.21.jar:/local/home/paramita/apache-jena-3.1.1/lib/jena-arq-3.1.1.jar:/local/home/paramita/apache-jena-3.1.1/lib/jena-base-3.1.1.jar:/local/home/paramita/apache-jena-3.1.1/lib/jena-cmds-3.1.1.jar:/local/home/paramita/apache-jena-3.1.1/lib/jena-core-3.1.1.jar:/local/home/paramita/apache-jena-3.1.1/lib/jena-iri-3.1.1.jar:/local/home/paramita/apache-jena-3.1.1/lib/jena-shaded-guava-3.1.1.jar:/local/home/paramita/apache-jena-3.1.1/lib/jena-tdb-3.1.1.jar:/local/home/paramita/apache-jena-3.1.1/lib/jsonld-java-0.8.3.jar:/local/home/paramita/apache-jena-3.1.1/lib/libthrift-0.9.3.jar:/local/home/paramita/apache-jena-3.1.1/lib/log4j-1.2.17.jar:/local/home/paramita/apache-jena-3.1.1/lib/slf4j-api-1.7.21.jar:/local/home/paramita/apache-jena-3.1.1/lib/slf4j-log4j12-
Launcher Type: SUN_STANDARD

Environment Variables:
PATH=/home/paramita/local/bin:/usr/local/bin:/usr/bin:/bin:/usr/local/games:/usr/games
SHELL=/bin/bash
DISPLAY=:0.0

Signal Handlers:
SIGSEGV: [libjvm.so+0xac4790], sa_mask[0]=11111111011111111101111111111110, sa_flags=SA_RESTART|SA_SIGINFO
SIGBUS: [libjvm.so+0xac4790], sa_mask[0]=11111111011111111101111111111110, sa_flags=SA_RESTART|SA_SIGINFO
SIGFPE: [libjvm.so+0x91f140], sa_mask[0]=11111111011111111101111111111110, sa_flags=SA_RESTART|SA_SIGINFO
SIGPIPE: [libjvm.so+0x91f140], sa_mask[0]=11111111011111111101111111111110, sa_flags=SA_RESTART|SA_SIGINFO
SIGXFSZ: [libjvm.so+0x91f140], sa_mask[0]=11111111011111111101111111111110, sa_flags=SA_RESTART|SA_SIGINFO
SIGILL: [libjvm.so+0x91f140], sa_mask[0]=11111111011111111101111111111110, sa_flags=SA_RESTART|SA_SIGINFO
SIGUSR1: SIG_DFL, sa_mask[0]=00000000000000000000000000000000, sa_flags=none
SIGUSR2: [libjvm.so+0x920770], sa_mask[0]=00100000000000000000000000000000, sa_flags=SA_RESTART|SA_SIGINFO
SIGHUP: [libjvm.so+0x921b70], sa_mask[0]=11111111011111111101111111111110, sa_flags=SA_RESTART|SA_SIGINFO
SIGINT: [libjvm.so+0x921b70], sa_mask[0]=11111111011111111101111111111110, sa_flags=SA_RESTART|SA_SIGINFO
SIGTERM: [libjvm.so+0x921b70], sa_mask[0]=11111111011111111101111111111110, sa_flags=SA_RESTART|SA_SIGINFO
SIGQUIT: [libjvm.so+0x921b70], sa_mask[0]=11111111011111111101111111111110, sa_flags=SA_RESTART|SA_SIGINFO


---------------  S Y S T E M  ---------------

OS:PRETTY_NAME="Debian GNU/Linux 8 (jessie)"
NAME="Debian GNU/Linux"
VERSION_ID="8"
VERSION="8 (jessie)"
ID=debian
HOME_URL="http://www.debian.org/"
SUPPORT_URL="http://www.debian.org/support"
BUG_REPORT_URL="https://bugs.debian.org/"

uname:Linux 4.4.34.1.pm64-smp #1 SMP PREEMPT Mon Nov 21 15:22:38 CET 2016 x86_64
libc:glibc 2.19 NPTL 2.19 
rlimit: STACK 8192k, CORE 0k, NPROC 30615, NOFILE 32768, AS infinity
load average:9.04 8.36 7.59

/proc/meminfo:
MemTotal:        7838528 kB
MemFree:          105532 kB
MemAvailable:      81488 kB
Buffers:             952 kB
Cached:           327104 kB
SwapCached:        28732 kB
Active:          6286464 kB
Inactive:        1236172 kB
Active(anon):    6235852 kB
Inactive(anon):  1195792 kB
Active(file):      50612 kB
Inactive(file):    40380 kB
Unevictable:         152 kB
Mlocked:             152 kB
SwapTotal:       9024508 kB
SwapFree:         167564 kB
Dirty:                16 kB
Writeback:          1056 kB
AnonPages:       7168504 kB
Mapped:            94280 kB
Shmem:            236144 kB
Slab:              70592 kB
SReclaimable:      29860 kB
SUnreclaim:        40732 kB
KernelStack:       10304 kB
PageTables:        70116 kB
NFS_Unstable:          0 kB
Bounce:                0 kB
WritebackTmp:          0 kB
CommitLimit:    12943772 kB
Committed_AS:   20452896 kB
VmallocTotal:   34359738367 kB
VmallocUsed:           0 kB
VmallocChunk:          0 kB
AnonHugePages:    366592 kB
HugePages_Total:       0
HugePages_Free:        0
HugePages_Rsvd:        0
HugePages_Surp:        0
Hugepagesize:       2048 kB
DirectMap4k:       62980 kB
DirectMap2M:     2738176 kB
DirectMap1G:     6291456 kB


CPU:total 4 (4 cores per cpu, 1 threads per core) family 6 model 94 stepping 3, cmov, cx8, fxsr, mmx, sse, sse2, sse3, ssse3, sse4.1, sse4.2, popcnt, avx, avx2, aes, clmul, erms, rtm, 3dnowpref, lzcnt, tsc, tscinvbit, bmi1, bmi2, adx

/proc/cpuinfo:
processor	: 0
vendor_id	: GenuineIntel
cpu family	: 6
model		: 94
model name	: Intel(R) Core(TM) i5-6440HQ CPU @ 2.60GHz
stepping	: 3
microcode	: 0x88
cpu MHz		: 1818.882
cache size	: 6144 KB
physical id	: 0
siblings	: 4
core id		: 0
cpu cores	: 4
apicid		: 0
initial apicid	: 0
fpu		: yes
fpu_exception	: yes
cpuid level	: 22
wp		: yes
flags		: fpu vme de pse tsc msr pae mce cx8 apic sep mtrr pge mca cmov pat pse36 clflush dts acpi mmx fxsr sse sse2 ss ht tm pbe syscall nx pdpe1gb rdtscp lm constant_tsc arch_perfmon pebs bts rep_good nopl xtopology nonstop_tsc aperfmperf eagerfpu pni pclmulqdq dtes64 monitor ds_cpl vmx smx est tm2 ssse3 sdbg fma cx16 xtpr pdcm pcid sse4_1 sse4_2 x2apic movbe popcnt tsc_deadline_timer aes xsave avx f16c rdrand lahf_lm abm 3dnowprefetch ida arat epb pln pts dtherm hwp hwp_notify hwp_act_window hwp_epp intel_pt tpr_shadow vnmi flexpriority ept vpid fsgsbase tsc_adjust bmi1 hle avx2 smep bmi2 erms invpcid rtm mpx rdseed adx smap clflushopt xsaveopt xsavec xgetbv1
bugs		:
bogomips	: 5184.12
clflush size	: 64
cache_alignment	: 64
address sizes	: 39 bits physical, 48 bits virtual
power management:

processor	: 1
vendor_id	: GenuineIntel
cpu family	: 6
model		: 94
model name	: Intel(R) Core(TM) i5-6440HQ CPU @ 2.60GHz
stepping	: 3
microcode	: 0x88
cpu MHz		: 1871.492
cache size	: 6144 KB
physical id	: 0
siblings	: 4
core id		: 1
cpu cores	: 4
apicid		: 2
initial apicid	: 2
fpu		: yes
fpu_exception	: yes
cpuid level	: 22
wp		: yes
flags		: fpu vme de pse tsc msr pae mce cx8 apic sep mtrr pge mca cmov pat pse36 clflush dts acpi mmx fxsr sse sse2 ss ht tm pbe syscall nx pdpe1gb rdtscp lm constant_tsc arch_perfmon pebs bts rep_good nopl xtopology nonstop_tsc aperfmperf eagerfpu pni pclmulqdq dtes64 monitor ds_cpl vmx smx est tm2 ssse3 sdbg fma cx16 xtpr pdcm pcid sse4_1 sse4_2 x2apic movbe popcnt tsc_deadline_timer aes xsave avx f16c rdrand lahf_lm abm 3dnowprefetch ida arat epb pln pts dtherm hwp hwp_notify hwp_act_window hwp_epp intel_pt tpr_shadow vnmi flexpriority ept vpid fsgsbase tsc_adjust bmi1 hle avx2 smep bmi2 erms invpcid rtm mpx rdseed adx smap clflushopt xsaveopt xsavec xgetbv1
bugs		:
bogomips	: 5184.12
clflush size	: 64
cache_alignment	: 64
address sizes	: 39 bits physical, 48 bits virtual
power management:

processor	: 2
vendor_id	: GenuineIntel
cpu family	: 6
model		: 94
model name	: Intel(R) Core(TM) i5-6440HQ CPU @ 2.60GHz
stepping	: 3
microcode	: 0x88
cpu MHz		: 1740.578
cache size	: 6144 KB
physical id	: 0
siblings	: 4
core id		: 2
cpu cores	: 4
apicid		: 4
initial apicid	: 4
fpu		: yes
fpu_exception	: yes
cpuid level	: 22
wp		: yes
flags		: fpu vme de pse tsc msr pae mce cx8 apic sep mtrr pge mca cmov pat pse36 clflush dts acpi mmx fxsr sse sse2 ss ht tm pbe syscall nx pdpe1gb rdtscp lm constant_tsc arch_perfmon pebs bts rep_good nopl xtopology nonstop_tsc aperfmperf eagerfpu pni pclmulqdq dtes64 monitor ds_cpl vmx smx est tm2 ssse3 sdbg fma cx16 xtpr pdcm pcid sse4_1 sse4_2 x2apic movbe popcnt tsc_deadline_timer aes xsave avx f16c rdrand lahf_lm abm 3dnowprefetch ida arat epb pln pts dtherm hwp hwp_notify hwp_act_window hwp_epp intel_pt tpr_shadow vnmi flexpriority ept vpid fsgsbase tsc_adjust bmi1 hle avx2 smep bmi2 erms invpcid rtm mpx rdseed adx smap clflushopt xsaveopt xsavec xgetbv1
bugs		:
bogomips	: 5184.12
clflush size	: 64
cache_alignment	: 64
address sizes	: 39 bits physical, 48 bits virtual
power management:

processor	: 3
vendor_id	: GenuineIntel
cpu family	: 6
model		: 94
model name	: Intel(R) Core(TM) i5-6440HQ CPU @ 2.60GHz
stepping	: 3
microcode	: 0x88
cpu MHz		: 1806.796
cache size	: 6144 KB
physical id	: 0
siblings	: 4
core id		: 3
cpu cores	: 4
apicid		: 6
initial apicid	: 6
fpu		: yes
fpu_exception	: yes
cpuid level	: 22
wp		: yes
flags		: fpu vme de pse tsc msr pae mce cx8 apic sep mtrr pge mca cmov pat pse36 clflush dts acpi mmx fxsr sse sse2 ss ht tm pbe syscall nx pdpe1gb rdtscp lm constant_tsc arch_perfmon pebs bts rep_good nopl xtopology nonstop_tsc aperfmperf eagerfpu pni pclmulqdq dtes64 monitor ds_cpl vmx smx est tm2 ssse3 sdbg fma cx16 xtpr pdcm pcid sse4_1 sse4_2 x2apic movbe popcnt tsc_deadline_timer aes xsave avx f16c rdrand lahf_lm abm 3dnowprefetch ida arat epb pln pts dtherm hwp hwp_notify hwp_act_window hwp_epp intel_pt tpr_shadow vnmi flexpriority ept vpid fsgsbase tsc_adjust bmi1 hle avx2 smep bmi2 erms invpcid rtm mpx rdseed adx smap clflushopt xsaveopt xsavec xgetbv1
bugs		:
bogomips	: 5184.12
clflush size	: 64
cache_alignment	: 64
address sizes	: 39 bits physical, 48 bits virtual
power management:



Memory: 4k page, physical 7838528k(105532k free), swap 9024508k(167576k free)

vm_info: Java HotSpot(TM) 64-Bit Server VM (25.101-b13) for linux-amd64 JRE (1.8.0_101-b13), built on Jun 22 2016 02:59:44 by "java_re" with gcc 4.3.0 20080428 (Red Hat 4.3.0-8)

time: Fri Feb 24 12:20:28 2017
elapsed time: 23 seconds (0d 0h 0m 23s)

